<?xml version="1.0" encoding="UTF-8"?>
<testsuite xmlns:xsi="http://www.w3.org/2001/XMLSchema-instance" xsi:noNamespaceSchemaLocation="https://maven.apache.org/surefire/maven-surefire-plugin/xsd/surefire-test-report.xsd" name="com.demo.spring.controller.AppointmentRestControllerTest" time="17.046" tests="6" errors="0" skipped="0" failures="0">
  <properties>
    <property name="sun.desktop" value="windows"/>
    <property name="awt.toolkit" value="sun.awt.windows.WToolkit"/>
    <property name="java.specification.version" value="11"/>
    <property name="sun.cpu.isalist" value="amd64"/>
    <property name="sun.jnu.encoding" value="Cp1252"/>
    <property name="java.class.path" value="C:\workspace\mock_project\clinic-management\appointment-service\target\test-classes;C:\workspace\mock_project\clinic-management\appointment-service\target\classes;C:\Users\harmane\.m2\repository\org\springframework\boot\spring-boot-starter-data-jpa\2.7.3\spring-boot-starter-data-jpa-2.7.3.jar;C:\Users\harmane\.m2\repository\org\springframework\boot\spring-boot-starter-aop\2.7.3\spring-boot-starter-aop-2.7.3.jar;C:\Users\harmane\.m2\repository\org\springframework\spring-aop\5.3.22\spring-aop-5.3.22.jar;C:\Users\harmane\.m2\repository\org\aspectj\aspectjweaver\1.9.7\aspectjweaver-1.9.7.jar;C:\Users\harmane\.m2\repository\org\springframework\boot\spring-boot-starter-jdbc\2.7.3\spring-boot-starter-jdbc-2.7.3.jar;C:\Users\harmane\.m2\repository\com\zaxxer\HikariCP\4.0.3\HikariCP-4.0.3.jar;C:\Users\harmane\.m2\repository\org\springframework\spring-jdbc\5.3.22\spring-jdbc-5.3.22.jar;C:\Users\harmane\.m2\repository\jakarta\transaction\jakarta.transaction-api\1.3.3\jakarta.transaction-api-1.3.3.jar;C:\Users\harmane\.m2\repository\jakarta\persistence\jakarta.persistence-api\2.2.3\jakarta.persistence-api-2.2.3.jar;C:\Users\harmane\.m2\repository\org\hibernate\hibernate-core\5.6.10.Final\hibernate-core-5.6.10.Final.jar;C:\Users\harmane\.m2\repository\org\jboss\logging\jboss-logging\3.4.3.Final\jboss-logging-3.4.3.Final.jar;C:\Users\harmane\.m2\repository\net\bytebuddy\byte-buddy\1.12.13\byte-buddy-1.12.13.jar;C:\Users\harmane\.m2\repository\antlr\antlr\2.7.7\antlr-2.7.7.jar;C:\Users\harmane\.m2\repository\org\jboss\jandex\2.4.2.Final\jandex-2.4.2.Final.jar;C:\Users\harmane\.m2\repository\com\fasterxml\classmate\1.5.1\classmate-1.5.1.jar;C:\Users\harmane\.m2\repository\org\hibernate\common\hibernate-commons-annotations\5.1.2.Final\hibernate-commons-annotations-5.1.2.Final.jar;C:\Users\harmane\.m2\repository\org\glassfish\jaxb\jaxb-runtime\2.3.6\jaxb-runtime-2.3.6.jar;C:\Users\harmane\.m2\repository\org\glassfish\jaxb\txw2\2.3.6\txw2-2.3.6.jar;C:\Users\harmane\.m2\repository\com\sun\istack\istack-commons-runtime\3.0.12\istack-commons-runtime-3.0.12.jar;C:\Users\harmane\.m2\repository\com\sun\activation\jakarta.activation\1.2.2\jakarta.activation-1.2.2.jar;C:\Users\harmane\.m2\repository\org\springframework\data\spring-data-jpa\2.7.2\spring-data-jpa-2.7.2.jar;C:\Users\harmane\.m2\repository\org\springframework\data\spring-data-commons\2.7.2\spring-data-commons-2.7.2.jar;C:\Users\harmane\.m2\repository\org\springframework\spring-orm\5.3.22\spring-orm-5.3.22.jar;C:\Users\harmane\.m2\repository\org\springframework\spring-context\5.3.22\spring-context-5.3.22.jar;C:\Users\harmane\.m2\repository\org\springframework\spring-tx\5.3.22\spring-tx-5.3.22.jar;C:\Users\harmane\.m2\repository\org\springframework\spring-beans\5.3.22\spring-beans-5.3.22.jar;C:\Users\harmane\.m2\repository\org\slf4j\slf4j-api\1.7.36\slf4j-api-1.7.36.jar;C:\Users\harmane\.m2\repository\org\springframework\spring-aspects\5.3.22\spring-aspects-5.3.22.jar;C:\Users\harmane\.m2\repository\org\springframework\boot\spring-boot-starter\2.7.3\spring-boot-starter-2.7.3.jar;C:\Users\harmane\.m2\repository\org\springframework\boot\spring-boot\2.7.3\spring-boot-2.7.3.jar;C:\Users\harmane\.m2\repository\org\springframework\boot\spring-boot-autoconfigure\2.7.3\spring-boot-autoconfigure-2.7.3.jar;C:\Users\harmane\.m2\repository\org\springframework\boot\spring-boot-starter-logging\2.7.3\spring-boot-starter-logging-2.7.3.jar;C:\Users\harmane\.m2\repository\ch\qos\logback\logback-classic\1.2.11\logback-classic-1.2.11.jar;C:\Users\harmane\.m2\repository\ch\qos\logback\logback-core\1.2.11\logback-core-1.2.11.jar;C:\Users\harmane\.m2\repository\org\apache\logging\log4j\log4j-to-slf4j\2.17.2\log4j-to-slf4j-2.17.2.jar;C:\Users\harmane\.m2\repository\org\apache\logging\log4j\log4j-api\2.17.2\log4j-api-2.17.2.jar;C:\Users\harmane\.m2\repository\org\slf4j\jul-to-slf4j\1.7.36\jul-to-slf4j-1.7.36.jar;C:\Users\harmane\.m2\repository\jakarta\annotation\jakarta.annotation-api\1.3.5\jakarta.annotation-api-1.3.5.jar;C:\Users\harmane\.m2\repository\org\springframework\spring-core\5.3.22\spring-core-5.3.22.jar;C:\Users\harmane\.m2\repository\org\springframework\spring-jcl\5.3.22\spring-jcl-5.3.22.jar;C:\Users\harmane\.m2\repository\org\yaml\snakeyaml\1.30\snakeyaml-1.30.jar;C:\Users\harmane\.m2\repository\mysql\mysql-connector-java\8.0.30\mysql-connector-java-8.0.30.jar;C:\Users\harmane\.m2\repository\org\springframework\boot\spring-boot-starter-test\2.7.3\spring-boot-starter-test-2.7.3.jar;C:\Users\harmane\.m2\repository\org\springframework\boot\spring-boot-test\2.7.3\spring-boot-test-2.7.3.jar;C:\Users\harmane\.m2\repository\org\springframework\boot\spring-boot-test-autoconfigure\2.7.3\spring-boot-test-autoconfigure-2.7.3.jar;C:\Users\harmane\.m2\repository\com\jayway\jsonpath\json-path\2.7.0\json-path-2.7.0.jar;C:\Users\harmane\.m2\repository\net\minidev\json-smart\2.4.8\json-smart-2.4.8.jar;C:\Users\harmane\.m2\repository\net\minidev\accessors-smart\2.4.8\accessors-smart-2.4.8.jar;C:\Users\harmane\.m2\repository\org\ow2\asm\asm\9.1\asm-9.1.jar;C:\Users\harmane\.m2\repository\jakarta\xml\bind\jakarta.xml.bind-api\2.3.3\jakarta.xml.bind-api-2.3.3.jar;C:\Users\harmane\.m2\repository\jakarta\activation\jakarta.activation-api\1.2.2\jakarta.activation-api-1.2.2.jar;C:\Users\harmane\.m2\repository\org\assertj\assertj-core\3.22.0\assertj-core-3.22.0.jar;C:\Users\harmane\.m2\repository\org\hamcrest\hamcrest\2.2\hamcrest-2.2.jar;C:\Users\harmane\.m2\repository\org\junit\jupiter\junit-jupiter\5.8.2\junit-jupiter-5.8.2.jar;C:\Users\harmane\.m2\repository\org\junit\jupiter\junit-jupiter-api\5.8.2\junit-jupiter-api-5.8.2.jar;C:\Users\harmane\.m2\repository\org\opentest4j\opentest4j\1.2.0\opentest4j-1.2.0.jar;C:\Users\harmane\.m2\repository\org\junit\platform\junit-platform-commons\1.8.2\junit-platform-commons-1.8.2.jar;C:\Users\harmane\.m2\repository\org\apiguardian\apiguardian-api\1.1.2\apiguardian-api-1.1.2.jar;C:\Users\harmane\.m2\repository\org\junit\jupiter\junit-jupiter-params\5.8.2\junit-jupiter-params-5.8.2.jar;C:\Users\harmane\.m2\repository\org\junit\jupiter\junit-jupiter-engine\5.8.2\junit-jupiter-engine-5.8.2.jar;C:\Users\harmane\.m2\repository\org\junit\platform\junit-platform-engine\1.8.2\junit-platform-engine-1.8.2.jar;C:\Users\harmane\.m2\repository\org\mockito\mockito-core\4.5.1\mockito-core-4.5.1.jar;C:\Users\harmane\.m2\repository\net\bytebuddy\byte-buddy-agent\1.12.13\byte-buddy-agent-1.12.13.jar;C:\Users\harmane\.m2\repository\org\objenesis\objenesis\3.2\objenesis-3.2.jar;C:\Users\harmane\.m2\repository\org\mockito\mockito-junit-jupiter\4.5.1\mockito-junit-jupiter-4.5.1.jar;C:\Users\harmane\.m2\repository\org\skyscreamer\jsonassert\1.5.1\jsonassert-1.5.1.jar;C:\Users\harmane\.m2\repository\com\vaadin\external\google\android-json\0.0.20131108.vaadin1\android-json-0.0.20131108.vaadin1.jar;C:\Users\harmane\.m2\repository\org\springframework\spring-test\5.3.22\spring-test-5.3.22.jar;C:\Users\harmane\.m2\repository\org\xmlunit\xmlunit-core\2.9.0\xmlunit-core-2.9.0.jar;C:\Users\harmane\.m2\repository\org\springdoc\springdoc-openapi-ui\1.6.9\springdoc-openapi-ui-1.6.9.jar;C:\Users\harmane\.m2\repository\org\springdoc\springdoc-openapi-webmvc-core\1.6.9\springdoc-openapi-webmvc-core-1.6.9.jar;C:\Users\harmane\.m2\repository\org\springdoc\springdoc-openapi-common\1.6.9\springdoc-openapi-common-1.6.9.jar;C:\Users\harmane\.m2\repository\io\swagger\core\v3\swagger-core\2.2.0\swagger-core-2.2.0.jar;C:\Users\harmane\.m2\repository\org\apache\commons\commons-lang3\3.12.0\commons-lang3-3.12.0.jar;C:\Users\harmane\.m2\repository\io\swagger\core\v3\swagger-annotations\2.2.0\swagger-annotations-2.2.0.jar;C:\Users\harmane\.m2\repository\io\swagger\core\v3\swagger-models\2.2.0\swagger-models-2.2.0.jar;C:\Users\harmane\.m2\repository\jakarta\validation\jakarta.validation-api\2.0.2\jakarta.validation-api-2.0.2.jar;C:\Users\harmane\.m2\repository\org\webjars\swagger-ui\4.11.1\swagger-ui-4.11.1.jar;C:\Users\harmane\.m2\repository\org\webjars\webjars-locator-core\0.50\webjars-locator-core-0.50.jar;C:\Users\harmane\.m2\repository\com\fasterxml\jackson\core\jackson-core\2.13.3\jackson-core-2.13.3.jar;C:\Users\harmane\.m2\repository\io\github\classgraph\classgraph\4.8.147\classgraph-4.8.147.jar;C:\Users\harmane\.m2\repository\org\springframework\boot\spring-boot-configuration-processor\2.7.3\spring-boot-configuration-processor-2.7.3.jar;C:\Users\harmane\.m2\repository\org\springframework\cloud\spring-cloud-starter-contract-stub-runner\3.1.4\spring-cloud-starter-contract-stub-runner-3.1.4.jar;C:\Users\harmane\.m2\repository\org\springframework\cloud\spring-cloud-contract-stub-runner\3.1.4\spring-cloud-contract-stub-runner-3.1.4.jar;C:\Users\harmane\.m2\repository\org\springframework\cloud\spring-cloud-contract-verifier\3.1.4\spring-cloud-contract-verifier-3.1.4.jar;C:\Users\harmane\.m2\repository\org\apache\commons\commons-text\1.9\commons-text-1.9.jar;C:\Users\harmane\.m2\repository\javax\inject\javax.inject\1\javax.inject-1.jar;C:\Users\harmane\.m2\repository\com\toomuchcoding\jsonassert\jsonassert\0.6.2\jsonassert-0.6.2.jar;C:\Users\harmane\.m2\repository\com\rackspace\eclipse\webtools\sourceediting\org.eclipse.wst.xml.xpath2.processor\2.1.100\org.eclipse.wst.xml.xpath2.processor-2.1.100.jar;C:\Users\harmane\.m2\repository\edu\princeton\cup\java-cup\10k\java-cup-10k.jar;C:\Users\harmane\.m2\repository\com\ibm\icu\icu4j\4.6\icu4j-4.6.jar;C:\Users\harmane\.m2\repository\org\codehaus\groovy\groovy\3.0.12\groovy-3.0.12.jar;C:\Users\harmane\.m2\repository\org\codehaus\groovy\groovy-nio\3.0.12\groovy-nio-3.0.12.jar;C:\Users\harmane\.m2\repository\org\codehaus\groovy\groovy-json\3.0.12\groovy-json-3.0.12.jar;C:\Users\harmane\.m2\repository\org\codehaus\groovy\groovy-xml\3.0.12\groovy-xml-3.0.12.jar;C:\Users\harmane\.m2\repository\com\github\jknack\handlebars\4.2.0\handlebars-4.2.0.jar;C:\Users\harmane\.m2\repository\commons-beanutils\commons-beanutils\1.9.4\commons-beanutils-1.9.4.jar;C:\Users\harmane\.m2\repository\commons-logging\commons-logging\1.2\commons-logging-1.2.jar;C:\Users\harmane\.m2\repository\commons-collections\commons-collections\3.2.2\commons-collections-3.2.2.jar;C:\Users\harmane\.m2\repository\com\fasterxml\jackson\dataformat\jackson-dataformat-yaml\2.13.3\jackson-dataformat-yaml-2.13.3.jar;C:\Users\harmane\.m2\repository\net\javacrumbs\json-unit\json-unit-assertj\2.27.0\json-unit-assertj-2.27.0.jar;C:\Users\harmane\.m2\repository\net\javacrumbs\json-unit\json-unit-core\2.27.0\json-unit-core-2.27.0.jar;C:\Users\harmane\.m2\repository\org\hamcrest\hamcrest-core\2.2\hamcrest-core-2.2.jar;C:\Users\harmane\.m2\repository\net\javacrumbs\json-unit\json-unit-json-path\2.27.0\json-unit-json-path-2.27.0.jar;C:\Users\harmane\.m2\repository\org\springframework\cloud\spring-cloud-function-compiler\3.0.6.RELEASE\spring-cloud-function-compiler-3.0.6.RELEASE.jar;C:\Users\harmane\.m2\repository\io\projectreactor\reactor-core\3.4.22\reactor-core-3.4.22.jar;C:\Users\harmane\.m2\repository\org\reactivestreams\reactive-streams\1.0.4\reactive-streams-1.0.4.jar;C:\Users\harmane\.m2\repository\org\eclipse\jdt\core\compiler\ecj\4.4.2\ecj-4.4.2.jar;C:\Users\harmane\.m2\repository\javax\annotation\javax.annotation-api\1.3.2\javax.annotation-api-1.3.2.jar;C:\Users\harmane\.m2\repository\org\springframework\cloud\spring-cloud-contract-shade\3.1.4\spring-cloud-contract-shade-3.1.4.jar;C:\Users\harmane\.m2\repository\org\springframework\cloud\spring-cloud-contract-converters\3.1.4\spring-cloud-contract-converters-3.1.4.jar;C:\Users\harmane\.m2\repository\org\springframework\cloud\spring-cloud-contract-spec\3.1.4\spring-cloud-contract-spec-3.1.4.jar;C:\Users\harmane\.m2\repository\org\springframework\cloud\spring-cloud-contract-spec-java\3.1.4\spring-cloud-contract-spec-java-3.1.4.jar;C:\Users\harmane\.m2\repository\dk\brics\automaton\automaton\1.11-8\automaton-1.11-8.jar;C:\Users\harmane\.m2\repository\org\springframework\cloud\spring-cloud-contract-spec-groovy\3.1.4\spring-cloud-contract-spec-groovy-3.1.4.jar;C:\Users\harmane\.m2\repository\org\eclipse\jgit\org.eclipse.jgit\5.13.1.202206130422-r\org.eclipse.jgit-5.13.1.202206130422-r.jar;C:\Users\harmane\.m2\repository\com\googlecode\javaewah\JavaEWAH\1.1.13\JavaEWAH-1.1.13.jar;C:\Users\harmane\.m2\repository\org\eclipse\jgit\org.eclipse.jgit.ssh.jsch\5.12.0.202106070339-r\org.eclipse.jgit.ssh.jsch-5.12.0.202106070339-r.jar;C:\Users\harmane\.m2\repository\com\jcraft\jsch\0.1.55\jsch-0.1.55.jar;C:\Users\harmane\.m2\repository\com\jcraft\jzlib\1.1.1\jzlib-1.1.1.jar;C:\Users\harmane\.m2\repository\com\jcraft\jsch.agentproxy.sshagent\0.0.9\jsch.agentproxy.sshagent-0.0.9.jar;C:\Users\harmane\.m2\repository\com\jcraft\jsch.agentproxy.core\0.0.9\jsch.agentproxy.core-0.0.9.jar;C:\Users\harmane\.m2\repository\com\jcraft\jsch.agentproxy.jsch\0.0.9\jsch.agentproxy.jsch-0.0.9.jar;C:\Users\harmane\.m2\repository\com\jcraft\jsch.agentproxy.usocket-jna\0.0.9\jsch.agentproxy.usocket-jna-0.0.9.jar;C:\Users\harmane\.m2\repository\net\java\dev\jna\jna\4.1.0\jna-4.1.0.jar;C:\Users\harmane\.m2\repository\net\java\dev\jna\jna-platform\4.1.0\jna-platform-4.1.0.jar;C:\Users\harmane\.m2\repository\org\springframework\cloud\spring-cloud-contract-wiremock\3.1.4\spring-cloud-contract-wiremock-3.1.4.jar;C:\Users\harmane\.m2\repository\com\github\tomakehurst\wiremock-jre8-standalone\2.33.0\wiremock-jre8-standalone-2.33.0.jar;C:\Users\harmane\.m2\repository\org\apache\httpcomponents\httpclient\4.5.13\httpclient-4.5.13.jar;C:\Users\harmane\.m2\repository\org\apache\httpcomponents\httpcore\4.4.15\httpcore-4.4.15.jar;C:\Users\harmane\.m2\repository\commons-codec\commons-codec\1.15\commons-codec-1.15.jar;C:\Users\harmane\.m2\repository\org\apache\maven\resolver\maven-resolver-api\1.4.1\maven-resolver-api-1.4.1.jar;C:\Users\harmane\.m2\repository\org\sonatype\sisu\sisu-inject-plexus\2.6.0\sisu-inject-plexus-2.6.0.jar;C:\Users\harmane\.m2\repository\org\codehaus\plexus\plexus-component-annotations\1.5.5\plexus-component-annotations-1.5.5.jar;C:\Users\harmane\.m2\repository\org\codehaus\plexus\plexus-classworlds\2.5.2\plexus-classworlds-2.5.2.jar;C:\Users\harmane\.m2\repository\org\codehaus\plexus\plexus-utils\3.0.18\plexus-utils-3.0.18.jar;C:\Users\harmane\.m2\repository\org\sonatype\sisu\sisu-inject-bean\2.6.0\sisu-inject-bean-2.6.0.jar;C:\Users\harmane\.m2\repository\javax\enterprise\cdi-api\1.0\cdi-api-1.0.jar;C:\Users\harmane\.m2\repository\javax\annotation\jsr250-api\1.0\jsr250-api-1.0.jar;C:\Users\harmane\.m2\repository\org\sonatype\sisu\sisu-guice\3.2.5\sisu-guice-3.2.5-no_aop.jar;C:\Users\harmane\.m2\repository\com\google\guava\guava\16.0.1\guava-16.0.1.jar;C:\Users\harmane\.m2\repository\org\eclipse\sisu\org.eclipse.sisu.inject\0.3.0\org.eclipse.sisu.inject-0.3.0.jar;C:\Users\harmane\.m2\repository\org\eclipse\sisu\org.eclipse.sisu.plexus\0.3.0\org.eclipse.sisu.plexus-0.3.0.jar;C:\Users\harmane\.m2\repository\org\springframework\boot\spring-boot-starter-actuator\2.7.3\spring-boot-starter-actuator-2.7.3.jar;C:\Users\harmane\.m2\repository\org\springframework\boot\spring-boot-actuator-autoconfigure\2.7.3\spring-boot-actuator-autoconfigure-2.7.3.jar;C:\Users\harmane\.m2\repository\org\springframework\boot\spring-boot-actuator\2.7.3\spring-boot-actuator-2.7.3.jar;C:\Users\harmane\.m2\repository\com\fasterxml\jackson\core\jackson-databind\2.13.3\jackson-databind-2.13.3.jar;C:\Users\harmane\.m2\repository\com\fasterxml\jackson\core\jackson-annotations\2.13.3\jackson-annotations-2.13.3.jar;C:\Users\harmane\.m2\repository\com\fasterxml\jackson\datatype\jackson-datatype-jsr310\2.13.3\jackson-datatype-jsr310-2.13.3.jar;C:\Users\harmane\.m2\repository\io\micrometer\micrometer-core\1.9.3\micrometer-core-1.9.3.jar;C:\Users\harmane\.m2\repository\org\hdrhistogram\HdrHistogram\2.1.12\HdrHistogram-2.1.12.jar;C:\Users\harmane\.m2\repository\org\latencyutils\LatencyUtils\2.0.3\LatencyUtils-2.0.3.jar;C:\Users\harmane\.m2\repository\io\micrometer\micrometer-registry-prometheus\1.9.3\micrometer-registry-prometheus-1.9.3.jar;C:\Users\harmane\.m2\repository\io\prometheus\simpleclient_common\0.15.0\simpleclient_common-0.15.0.jar;C:\Users\harmane\.m2\repository\io\prometheus\simpleclient\0.15.0\simpleclient-0.15.0.jar;C:\Users\harmane\.m2\repository\io\prometheus\simpleclient_tracer_otel\0.15.0\simpleclient_tracer_otel-0.15.0.jar;C:\Users\harmane\.m2\repository\io\prometheus\simpleclient_tracer_common\0.15.0\simpleclient_tracer_common-0.15.0.jar;C:\Users\harmane\.m2\repository\io\prometheus\simpleclient_tracer_otel_agent\0.15.0\simpleclient_tracer_otel_agent-0.15.0.jar;C:\Users\harmane\.m2\repository\org\springframework\boot\spring-boot-starter-web\2.7.3\spring-boot-starter-web-2.7.3.jar;C:\Users\harmane\.m2\repository\org\springframework\boot\spring-boot-starter-json\2.7.3\spring-boot-starter-json-2.7.3.jar;C:\Users\harmane\.m2\repository\com\fasterxml\jackson\datatype\jackson-datatype-jdk8\2.13.3\jackson-datatype-jdk8-2.13.3.jar;C:\Users\harmane\.m2\repository\com\fasterxml\jackson\module\jackson-module-parameter-names\2.13.3\jackson-module-parameter-names-2.13.3.jar;C:\Users\harmane\.m2\repository\org\springframework\boot\spring-boot-starter-tomcat\2.7.3\spring-boot-starter-tomcat-2.7.3.jar;C:\Users\harmane\.m2\repository\org\apache\tomcat\embed\tomcat-embed-core\9.0.65\tomcat-embed-core-9.0.65.jar;C:\Users\harmane\.m2\repository\org\apache\tomcat\embed\tomcat-embed-el\9.0.65\tomcat-embed-el-9.0.65.jar;C:\Users\harmane\.m2\repository\org\apache\tomcat\embed\tomcat-embed-websocket\9.0.65\tomcat-embed-websocket-9.0.65.jar;C:\Users\harmane\.m2\repository\org\springframework\spring-web\5.3.22\spring-web-5.3.22.jar;C:\Users\harmane\.m2\repository\org\springframework\spring-webmvc\5.3.22\spring-webmvc-5.3.22.jar;C:\Users\harmane\.m2\repository\org\springframework\spring-expression\5.3.22\spring-expression-5.3.22.jar;"/>
    <property name="java.vm.vendor" value="Oracle Corporation"/>
    <property name="sun.arch.data.model" value="64"/>
    <property name="user.variant" value=""/>
    <property name="java.vendor.url" value="http://java.oracle.com/"/>
    <property name="user.timezone" value="Asia/Calcutta"/>
    <property name="java.vm.specification.version" value="11"/>
    <property name="os.name" value="Windows 10"/>
    <property name="sun.java.launcher" value="SUN_STANDARD"/>
    <property name="user.country" value="US"/>
    <property name="sun.boot.library.path" value="C:\opt\openjdk-11+28_windows-x64_bin\jdk-11\bin"/>
    <property name="sun.java.command" value="C:\Users\harmane\AppData\Local\Temp\surefire3680280162942194136\surefirebooter29377474518940194.jar C:\Users\harmane\AppData\Local\Temp\surefire3680280162942194136 2022-10-29T17-10-08_189-jvmRun1 surefire656839755527741690tmp surefire_08729095948520655524tmp"/>
    <property name="jdk.debug" value="release"/>
    <property name="surefire.test.class.path" value="C:\workspace\mock_project\clinic-management\appointment-service\target\test-classes;C:\workspace\mock_project\clinic-management\appointment-service\target\classes;C:\Users\harmane\.m2\repository\org\springframework\boot\spring-boot-starter-data-jpa\2.7.3\spring-boot-starter-data-jpa-2.7.3.jar;C:\Users\harmane\.m2\repository\org\springframework\boot\spring-boot-starter-aop\2.7.3\spring-boot-starter-aop-2.7.3.jar;C:\Users\harmane\.m2\repository\org\springframework\spring-aop\5.3.22\spring-aop-5.3.22.jar;C:\Users\harmane\.m2\repository\org\aspectj\aspectjweaver\1.9.7\aspectjweaver-1.9.7.jar;C:\Users\harmane\.m2\repository\org\springframework\boot\spring-boot-starter-jdbc\2.7.3\spring-boot-starter-jdbc-2.7.3.jar;C:\Users\harmane\.m2\repository\com\zaxxer\HikariCP\4.0.3\HikariCP-4.0.3.jar;C:\Users\harmane\.m2\repository\org\springframework\spring-jdbc\5.3.22\spring-jdbc-5.3.22.jar;C:\Users\harmane\.m2\repository\jakarta\transaction\jakarta.transaction-api\1.3.3\jakarta.transaction-api-1.3.3.jar;C:\Users\harmane\.m2\repository\jakarta\persistence\jakarta.persistence-api\2.2.3\jakarta.persistence-api-2.2.3.jar;C:\Users\harmane\.m2\repository\org\hibernate\hibernate-core\5.6.10.Final\hibernate-core-5.6.10.Final.jar;C:\Users\harmane\.m2\repository\org\jboss\logging\jboss-logging\3.4.3.Final\jboss-logging-3.4.3.Final.jar;C:\Users\harmane\.m2\repository\net\bytebuddy\byte-buddy\1.12.13\byte-buddy-1.12.13.jar;C:\Users\harmane\.m2\repository\antlr\antlr\2.7.7\antlr-2.7.7.jar;C:\Users\harmane\.m2\repository\org\jboss\jandex\2.4.2.Final\jandex-2.4.2.Final.jar;C:\Users\harmane\.m2\repository\com\fasterxml\classmate\1.5.1\classmate-1.5.1.jar;C:\Users\harmane\.m2\repository\org\hibernate\common\hibernate-commons-annotations\5.1.2.Final\hibernate-commons-annotations-5.1.2.Final.jar;C:\Users\harmane\.m2\repository\org\glassfish\jaxb\jaxb-runtime\2.3.6\jaxb-runtime-2.3.6.jar;C:\Users\harmane\.m2\repository\org\glassfish\jaxb\txw2\2.3.6\txw2-2.3.6.jar;C:\Users\harmane\.m2\repository\com\sun\istack\istack-commons-runtime\3.0.12\istack-commons-runtime-3.0.12.jar;C:\Users\harmane\.m2\repository\com\sun\activation\jakarta.activation\1.2.2\jakarta.activation-1.2.2.jar;C:\Users\harmane\.m2\repository\org\springframework\data\spring-data-jpa\2.7.2\spring-data-jpa-2.7.2.jar;C:\Users\harmane\.m2\repository\org\springframework\data\spring-data-commons\2.7.2\spring-data-commons-2.7.2.jar;C:\Users\harmane\.m2\repository\org\springframework\spring-orm\5.3.22\spring-orm-5.3.22.jar;C:\Users\harmane\.m2\repository\org\springframework\spring-context\5.3.22\spring-context-5.3.22.jar;C:\Users\harmane\.m2\repository\org\springframework\spring-tx\5.3.22\spring-tx-5.3.22.jar;C:\Users\harmane\.m2\repository\org\springframework\spring-beans\5.3.22\spring-beans-5.3.22.jar;C:\Users\harmane\.m2\repository\org\slf4j\slf4j-api\1.7.36\slf4j-api-1.7.36.jar;C:\Users\harmane\.m2\repository\org\springframework\spring-aspects\5.3.22\spring-aspects-5.3.22.jar;C:\Users\harmane\.m2\repository\org\springframework\boot\spring-boot-starter\2.7.3\spring-boot-starter-2.7.3.jar;C:\Users\harmane\.m2\repository\org\springframework\boot\spring-boot\2.7.3\spring-boot-2.7.3.jar;C:\Users\harmane\.m2\repository\org\springframework\boot\spring-boot-autoconfigure\2.7.3\spring-boot-autoconfigure-2.7.3.jar;C:\Users\harmane\.m2\repository\org\springframework\boot\spring-boot-starter-logging\2.7.3\spring-boot-starter-logging-2.7.3.jar;C:\Users\harmane\.m2\repository\ch\qos\logback\logback-classic\1.2.11\logback-classic-1.2.11.jar;C:\Users\harmane\.m2\repository\ch\qos\logback\logback-core\1.2.11\logback-core-1.2.11.jar;C:\Users\harmane\.m2\repository\org\apache\logging\log4j\log4j-to-slf4j\2.17.2\log4j-to-slf4j-2.17.2.jar;C:\Users\harmane\.m2\repository\org\apache\logging\log4j\log4j-api\2.17.2\log4j-api-2.17.2.jar;C:\Users\harmane\.m2\repository\org\slf4j\jul-to-slf4j\1.7.36\jul-to-slf4j-1.7.36.jar;C:\Users\harmane\.m2\repository\jakarta\annotation\jakarta.annotation-api\1.3.5\jakarta.annotation-api-1.3.5.jar;C:\Users\harmane\.m2\repository\org\springframework\spring-core\5.3.22\spring-core-5.3.22.jar;C:\Users\harmane\.m2\repository\org\springframework\spring-jcl\5.3.22\spring-jcl-5.3.22.jar;C:\Users\harmane\.m2\repository\org\yaml\snakeyaml\1.30\snakeyaml-1.30.jar;C:\Users\harmane\.m2\repository\mysql\mysql-connector-java\8.0.30\mysql-connector-java-8.0.30.jar;C:\Users\harmane\.m2\repository\org\springframework\boot\spring-boot-starter-test\2.7.3\spring-boot-starter-test-2.7.3.jar;C:\Users\harmane\.m2\repository\org\springframework\boot\spring-boot-test\2.7.3\spring-boot-test-2.7.3.jar;C:\Users\harmane\.m2\repository\org\springframework\boot\spring-boot-test-autoconfigure\2.7.3\spring-boot-test-autoconfigure-2.7.3.jar;C:\Users\harmane\.m2\repository\com\jayway\jsonpath\json-path\2.7.0\json-path-2.7.0.jar;C:\Users\harmane\.m2\repository\net\minidev\json-smart\2.4.8\json-smart-2.4.8.jar;C:\Users\harmane\.m2\repository\net\minidev\accessors-smart\2.4.8\accessors-smart-2.4.8.jar;C:\Users\harmane\.m2\repository\org\ow2\asm\asm\9.1\asm-9.1.jar;C:\Users\harmane\.m2\repository\jakarta\xml\bind\jakarta.xml.bind-api\2.3.3\jakarta.xml.bind-api-2.3.3.jar;C:\Users\harmane\.m2\repository\jakarta\activation\jakarta.activation-api\1.2.2\jakarta.activation-api-1.2.2.jar;C:\Users\harmane\.m2\repository\org\assertj\assertj-core\3.22.0\assertj-core-3.22.0.jar;C:\Users\harmane\.m2\repository\org\hamcrest\hamcrest\2.2\hamcrest-2.2.jar;C:\Users\harmane\.m2\repository\org\junit\jupiter\junit-jupiter\5.8.2\junit-jupiter-5.8.2.jar;C:\Users\harmane\.m2\repository\org\junit\jupiter\junit-jupiter-api\5.8.2\junit-jupiter-api-5.8.2.jar;C:\Users\harmane\.m2\repository\org\opentest4j\opentest4j\1.2.0\opentest4j-1.2.0.jar;C:\Users\harmane\.m2\repository\org\junit\platform\junit-platform-commons\1.8.2\junit-platform-commons-1.8.2.jar;C:\Users\harmane\.m2\repository\org\apiguardian\apiguardian-api\1.1.2\apiguardian-api-1.1.2.jar;C:\Users\harmane\.m2\repository\org\junit\jupiter\junit-jupiter-params\5.8.2\junit-jupiter-params-5.8.2.jar;C:\Users\harmane\.m2\repository\org\junit\jupiter\junit-jupiter-engine\5.8.2\junit-jupiter-engine-5.8.2.jar;C:\Users\harmane\.m2\repository\org\junit\platform\junit-platform-engine\1.8.2\junit-platform-engine-1.8.2.jar;C:\Users\harmane\.m2\repository\org\mockito\mockito-core\4.5.1\mockito-core-4.5.1.jar;C:\Users\harmane\.m2\repository\net\bytebuddy\byte-buddy-agent\1.12.13\byte-buddy-agent-1.12.13.jar;C:\Users\harmane\.m2\repository\org\objenesis\objenesis\3.2\objenesis-3.2.jar;C:\Users\harmane\.m2\repository\org\mockito\mockito-junit-jupiter\4.5.1\mockito-junit-jupiter-4.5.1.jar;C:\Users\harmane\.m2\repository\org\skyscreamer\jsonassert\1.5.1\jsonassert-1.5.1.jar;C:\Users\harmane\.m2\repository\com\vaadin\external\google\android-json\0.0.20131108.vaadin1\android-json-0.0.20131108.vaadin1.jar;C:\Users\harmane\.m2\repository\org\springframework\spring-test\5.3.22\spring-test-5.3.22.jar;C:\Users\harmane\.m2\repository\org\xmlunit\xmlunit-core\2.9.0\xmlunit-core-2.9.0.jar;C:\Users\harmane\.m2\repository\org\springdoc\springdoc-openapi-ui\1.6.9\springdoc-openapi-ui-1.6.9.jar;C:\Users\harmane\.m2\repository\org\springdoc\springdoc-openapi-webmvc-core\1.6.9\springdoc-openapi-webmvc-core-1.6.9.jar;C:\Users\harmane\.m2\repository\org\springdoc\springdoc-openapi-common\1.6.9\springdoc-openapi-common-1.6.9.jar;C:\Users\harmane\.m2\repository\io\swagger\core\v3\swagger-core\2.2.0\swagger-core-2.2.0.jar;C:\Users\harmane\.m2\repository\org\apache\commons\commons-lang3\3.12.0\commons-lang3-3.12.0.jar;C:\Users\harmane\.m2\repository\io\swagger\core\v3\swagger-annotations\2.2.0\swagger-annotations-2.2.0.jar;C:\Users\harmane\.m2\repository\io\swagger\core\v3\swagger-models\2.2.0\swagger-models-2.2.0.jar;C:\Users\harmane\.m2\repository\jakarta\validation\jakarta.validation-api\2.0.2\jakarta.validation-api-2.0.2.jar;C:\Users\harmane\.m2\repository\org\webjars\swagger-ui\4.11.1\swagger-ui-4.11.1.jar;C:\Users\harmane\.m2\repository\org\webjars\webjars-locator-core\0.50\webjars-locator-core-0.50.jar;C:\Users\harmane\.m2\repository\com\fasterxml\jackson\core\jackson-core\2.13.3\jackson-core-2.13.3.jar;C:\Users\harmane\.m2\repository\io\github\classgraph\classgraph\4.8.147\classgraph-4.8.147.jar;C:\Users\harmane\.m2\repository\org\springframework\boot\spring-boot-configuration-processor\2.7.3\spring-boot-configuration-processor-2.7.3.jar;C:\Users\harmane\.m2\repository\org\springframework\cloud\spring-cloud-starter-contract-stub-runner\3.1.4\spring-cloud-starter-contract-stub-runner-3.1.4.jar;C:\Users\harmane\.m2\repository\org\springframework\cloud\spring-cloud-contract-stub-runner\3.1.4\spring-cloud-contract-stub-runner-3.1.4.jar;C:\Users\harmane\.m2\repository\org\springframework\cloud\spring-cloud-contract-verifier\3.1.4\spring-cloud-contract-verifier-3.1.4.jar;C:\Users\harmane\.m2\repository\org\apache\commons\commons-text\1.9\commons-text-1.9.jar;C:\Users\harmane\.m2\repository\javax\inject\javax.inject\1\javax.inject-1.jar;C:\Users\harmane\.m2\repository\com\toomuchcoding\jsonassert\jsonassert\0.6.2\jsonassert-0.6.2.jar;C:\Users\harmane\.m2\repository\com\rackspace\eclipse\webtools\sourceediting\org.eclipse.wst.xml.xpath2.processor\2.1.100\org.eclipse.wst.xml.xpath2.processor-2.1.100.jar;C:\Users\harmane\.m2\repository\edu\princeton\cup\java-cup\10k\java-cup-10k.jar;C:\Users\harmane\.m2\repository\com\ibm\icu\icu4j\4.6\icu4j-4.6.jar;C:\Users\harmane\.m2\repository\org\codehaus\groovy\groovy\3.0.12\groovy-3.0.12.jar;C:\Users\harmane\.m2\repository\org\codehaus\groovy\groovy-nio\3.0.12\groovy-nio-3.0.12.jar;C:\Users\harmane\.m2\repository\org\codehaus\groovy\groovy-json\3.0.12\groovy-json-3.0.12.jar;C:\Users\harmane\.m2\repository\org\codehaus\groovy\groovy-xml\3.0.12\groovy-xml-3.0.12.jar;C:\Users\harmane\.m2\repository\com\github\jknack\handlebars\4.2.0\handlebars-4.2.0.jar;C:\Users\harmane\.m2\repository\commons-beanutils\commons-beanutils\1.9.4\commons-beanutils-1.9.4.jar;C:\Users\harmane\.m2\repository\commons-logging\commons-logging\1.2\commons-logging-1.2.jar;C:\Users\harmane\.m2\repository\commons-collections\commons-collections\3.2.2\commons-collections-3.2.2.jar;C:\Users\harmane\.m2\repository\com\fasterxml\jackson\dataformat\jackson-dataformat-yaml\2.13.3\jackson-dataformat-yaml-2.13.3.jar;C:\Users\harmane\.m2\repository\net\javacrumbs\json-unit\json-unit-assertj\2.27.0\json-unit-assertj-2.27.0.jar;C:\Users\harmane\.m2\repository\net\javacrumbs\json-unit\json-unit-core\2.27.0\json-unit-core-2.27.0.jar;C:\Users\harmane\.m2\repository\org\hamcrest\hamcrest-core\2.2\hamcrest-core-2.2.jar;C:\Users\harmane\.m2\repository\net\javacrumbs\json-unit\json-unit-json-path\2.27.0\json-unit-json-path-2.27.0.jar;C:\Users\harmane\.m2\repository\org\springframework\cloud\spring-cloud-function-compiler\3.0.6.RELEASE\spring-cloud-function-compiler-3.0.6.RELEASE.jar;C:\Users\harmane\.m2\repository\io\projectreactor\reactor-core\3.4.22\reactor-core-3.4.22.jar;C:\Users\harmane\.m2\repository\org\reactivestreams\reactive-streams\1.0.4\reactive-streams-1.0.4.jar;C:\Users\harmane\.m2\repository\org\eclipse\jdt\core\compiler\ecj\4.4.2\ecj-4.4.2.jar;C:\Users\harmane\.m2\repository\javax\annotation\javax.annotation-api\1.3.2\javax.annotation-api-1.3.2.jar;C:\Users\harmane\.m2\repository\org\springframework\cloud\spring-cloud-contract-shade\3.1.4\spring-cloud-contract-shade-3.1.4.jar;C:\Users\harmane\.m2\repository\org\springframework\cloud\spring-cloud-contract-converters\3.1.4\spring-cloud-contract-converters-3.1.4.jar;C:\Users\harmane\.m2\repository\org\springframework\cloud\spring-cloud-contract-spec\3.1.4\spring-cloud-contract-spec-3.1.4.jar;C:\Users\harmane\.m2\repository\org\springframework\cloud\spring-cloud-contract-spec-java\3.1.4\spring-cloud-contract-spec-java-3.1.4.jar;C:\Users\harmane\.m2\repository\dk\brics\automaton\automaton\1.11-8\automaton-1.11-8.jar;C:\Users\harmane\.m2\repository\org\springframework\cloud\spring-cloud-contract-spec-groovy\3.1.4\spring-cloud-contract-spec-groovy-3.1.4.jar;C:\Users\harmane\.m2\repository\org\eclipse\jgit\org.eclipse.jgit\5.13.1.202206130422-r\org.eclipse.jgit-5.13.1.202206130422-r.jar;C:\Users\harmane\.m2\repository\com\googlecode\javaewah\JavaEWAH\1.1.13\JavaEWAH-1.1.13.jar;C:\Users\harmane\.m2\repository\org\eclipse\jgit\org.eclipse.jgit.ssh.jsch\5.12.0.202106070339-r\org.eclipse.jgit.ssh.jsch-5.12.0.202106070339-r.jar;C:\Users\harmane\.m2\repository\com\jcraft\jsch\0.1.55\jsch-0.1.55.jar;C:\Users\harmane\.m2\repository\com\jcraft\jzlib\1.1.1\jzlib-1.1.1.jar;C:\Users\harmane\.m2\repository\com\jcraft\jsch.agentproxy.sshagent\0.0.9\jsch.agentproxy.sshagent-0.0.9.jar;C:\Users\harmane\.m2\repository\com\jcraft\jsch.agentproxy.core\0.0.9\jsch.agentproxy.core-0.0.9.jar;C:\Users\harmane\.m2\repository\com\jcraft\jsch.agentproxy.jsch\0.0.9\jsch.agentproxy.jsch-0.0.9.jar;C:\Users\harmane\.m2\repository\com\jcraft\jsch.agentproxy.usocket-jna\0.0.9\jsch.agentproxy.usocket-jna-0.0.9.jar;C:\Users\harmane\.m2\repository\net\java\dev\jna\jna\4.1.0\jna-4.1.0.jar;C:\Users\harmane\.m2\repository\net\java\dev\jna\jna-platform\4.1.0\jna-platform-4.1.0.jar;C:\Users\harmane\.m2\repository\org\springframework\cloud\spring-cloud-contract-wiremock\3.1.4\spring-cloud-contract-wiremock-3.1.4.jar;C:\Users\harmane\.m2\repository\com\github\tomakehurst\wiremock-jre8-standalone\2.33.0\wiremock-jre8-standalone-2.33.0.jar;C:\Users\harmane\.m2\repository\org\apache\httpcomponents\httpclient\4.5.13\httpclient-4.5.13.jar;C:\Users\harmane\.m2\repository\org\apache\httpcomponents\httpcore\4.4.15\httpcore-4.4.15.jar;C:\Users\harmane\.m2\repository\commons-codec\commons-codec\1.15\commons-codec-1.15.jar;C:\Users\harmane\.m2\repository\org\apache\maven\resolver\maven-resolver-api\1.4.1\maven-resolver-api-1.4.1.jar;C:\Users\harmane\.m2\repository\org\sonatype\sisu\sisu-inject-plexus\2.6.0\sisu-inject-plexus-2.6.0.jar;C:\Users\harmane\.m2\repository\org\codehaus\plexus\plexus-component-annotations\1.5.5\plexus-component-annotations-1.5.5.jar;C:\Users\harmane\.m2\repository\org\codehaus\plexus\plexus-classworlds\2.5.2\plexus-classworlds-2.5.2.jar;C:\Users\harmane\.m2\repository\org\codehaus\plexus\plexus-utils\3.0.18\plexus-utils-3.0.18.jar;C:\Users\harmane\.m2\repository\org\sonatype\sisu\sisu-inject-bean\2.6.0\sisu-inject-bean-2.6.0.jar;C:\Users\harmane\.m2\repository\javax\enterprise\cdi-api\1.0\cdi-api-1.0.jar;C:\Users\harmane\.m2\repository\javax\annotation\jsr250-api\1.0\jsr250-api-1.0.jar;C:\Users\harmane\.m2\repository\org\sonatype\sisu\sisu-guice\3.2.5\sisu-guice-3.2.5-no_aop.jar;C:\Users\harmane\.m2\repository\com\google\guava\guava\16.0.1\guava-16.0.1.jar;C:\Users\harmane\.m2\repository\org\eclipse\sisu\org.eclipse.sisu.inject\0.3.0\org.eclipse.sisu.inject-0.3.0.jar;C:\Users\harmane\.m2\repository\org\eclipse\sisu\org.eclipse.sisu.plexus\0.3.0\org.eclipse.sisu.plexus-0.3.0.jar;C:\Users\harmane\.m2\repository\org\springframework\boot\spring-boot-starter-actuator\2.7.3\spring-boot-starter-actuator-2.7.3.jar;C:\Users\harmane\.m2\repository\org\springframework\boot\spring-boot-actuator-autoconfigure\2.7.3\spring-boot-actuator-autoconfigure-2.7.3.jar;C:\Users\harmane\.m2\repository\org\springframework\boot\spring-boot-actuator\2.7.3\spring-boot-actuator-2.7.3.jar;C:\Users\harmane\.m2\repository\com\fasterxml\jackson\core\jackson-databind\2.13.3\jackson-databind-2.13.3.jar;C:\Users\harmane\.m2\repository\com\fasterxml\jackson\core\jackson-annotations\2.13.3\jackson-annotations-2.13.3.jar;C:\Users\harmane\.m2\repository\com\fasterxml\jackson\datatype\jackson-datatype-jsr310\2.13.3\jackson-datatype-jsr310-2.13.3.jar;C:\Users\harmane\.m2\repository\io\micrometer\micrometer-core\1.9.3\micrometer-core-1.9.3.jar;C:\Users\harmane\.m2\repository\org\hdrhistogram\HdrHistogram\2.1.12\HdrHistogram-2.1.12.jar;C:\Users\harmane\.m2\repository\org\latencyutils\LatencyUtils\2.0.3\LatencyUtils-2.0.3.jar;C:\Users\harmane\.m2\repository\io\micrometer\micrometer-registry-prometheus\1.9.3\micrometer-registry-prometheus-1.9.3.jar;C:\Users\harmane\.m2\repository\io\prometheus\simpleclient_common\0.15.0\simpleclient_common-0.15.0.jar;C:\Users\harmane\.m2\repository\io\prometheus\simpleclient\0.15.0\simpleclient-0.15.0.jar;C:\Users\harmane\.m2\repository\io\prometheus\simpleclient_tracer_otel\0.15.0\simpleclient_tracer_otel-0.15.0.jar;C:\Users\harmane\.m2\repository\io\prometheus\simpleclient_tracer_common\0.15.0\simpleclient_tracer_common-0.15.0.jar;C:\Users\harmane\.m2\repository\io\prometheus\simpleclient_tracer_otel_agent\0.15.0\simpleclient_tracer_otel_agent-0.15.0.jar;C:\Users\harmane\.m2\repository\org\springframework\boot\spring-boot-starter-web\2.7.3\spring-boot-starter-web-2.7.3.jar;C:\Users\harmane\.m2\repository\org\springframework\boot\spring-boot-starter-json\2.7.3\spring-boot-starter-json-2.7.3.jar;C:\Users\harmane\.m2\repository\com\fasterxml\jackson\datatype\jackson-datatype-jdk8\2.13.3\jackson-datatype-jdk8-2.13.3.jar;C:\Users\harmane\.m2\repository\com\fasterxml\jackson\module\jackson-module-parameter-names\2.13.3\jackson-module-parameter-names-2.13.3.jar;C:\Users\harmane\.m2\repository\org\springframework\boot\spring-boot-starter-tomcat\2.7.3\spring-boot-starter-tomcat-2.7.3.jar;C:\Users\harmane\.m2\repository\org\apache\tomcat\embed\tomcat-embed-core\9.0.65\tomcat-embed-core-9.0.65.jar;C:\Users\harmane\.m2\repository\org\apache\tomcat\embed\tomcat-embed-el\9.0.65\tomcat-embed-el-9.0.65.jar;C:\Users\harmane\.m2\repository\org\apache\tomcat\embed\tomcat-embed-websocket\9.0.65\tomcat-embed-websocket-9.0.65.jar;C:\Users\harmane\.m2\repository\org\springframework\spring-web\5.3.22\spring-web-5.3.22.jar;C:\Users\harmane\.m2\repository\org\springframework\spring-webmvc\5.3.22\spring-webmvc-5.3.22.jar;C:\Users\harmane\.m2\repository\org\springframework\spring-expression\5.3.22\spring-expression-5.3.22.jar;"/>
    <property name="sun.cpu.endian" value="little"/>
    <property name="user.home" value="C:\Users\harmane"/>
    <property name="user.language" value="en"/>
    <property name="java.specification.vendor" value="Oracle Corporation"/>
    <property name="java.version.date" value="2018-09-25"/>
    <property name="java.home" value="C:\opt\openjdk-11+28_windows-x64_bin\jdk-11"/>
    <property name="file.separator" value="\"/>
    <property name="style.color" value="always"/>
    <property name="basedir" value="C:\workspace\mock_project\clinic-management\appointment-service"/>
    <property name="java.vm.compressedOopsMode" value="Zero based"/>
    <property name="line.separator" value="&#10;"/>
    <property name="java.specification.name" value="Java Platform API Specification"/>
    <property name="java.vm.specification.vendor" value="Oracle Corporation"/>
    <property name="java.awt.graphicsenv" value="sun.awt.Win32GraphicsEnvironment"/>
    <property name="surefire.real.class.path" value="C:\Users\harmane\AppData\Local\Temp\surefire3680280162942194136\surefirebooter29377474518940194.jar"/>
    <property name="user.script" value=""/>
    <property name="sun.management.compiler" value="HotSpot 64-Bit Tiered Compilers"/>
    <property name="java.runtime.version" value="11+28"/>
    <property name="user.name" value="harmane"/>
    <property name="path.separator" value=";"/>
    <property name="os.version" value="10.0"/>
    <property name="java.runtime.name" value="OpenJDK Runtime Environment"/>
    <property name="file.encoding" value="Cp1252"/>
    <property name="java.vm.name" value="OpenJDK 64-Bit Server VM"/>
    <property name="java.vendor.version" value="18.9"/>
    <property name="localRepository" value="C:\Users\harmane\.m2\repository"/>
    <property name="java.vendor.url.bug" value="http://bugreport.java.com/bugreport/"/>
    <property name="java.io.tmpdir" value="C:\Users\harmane\AppData\Local\Temp\"/>
    <property name="java.version" value="11"/>
    <property name="user.dir" value="C:\workspace\mock_project\clinic-management\appointment-service"/>
    <property name="os.arch" value="amd64"/>
    <property name="java.vm.specification.name" value="Java Virtual Machine Specification"/>
    <property name="java.awt.printerjob" value="sun.awt.windows.WPrinterJob"/>
    <property name="sun.os.patch.level" value=""/>
    <property name="java.library.path" value="C:\opt\openjdk-11+28_windows-x64_bin\jdk-11\bin;C:\WINDOWS\Sun\Java\bin;C:\WINDOWS\system32;C:\WINDOWS;C:/Training/sts-4.15.2.RELEASE//plugins/org.eclipse.justj.openjdk.hotspot.jre.full.win32.x86_64_17.0.3.v20220515-1416/jre/bin/server;C:/Training/sts-4.15.2.RELEASE//plugins/org.eclipse.justj.openjdk.hotspot.jre.full.win32.x86_64_17.0.3.v20220515-1416/jre/bin;C:\WINDOWS\system32;C:\WINDOWS;C:\WINDOWS\System32\Wbem;C:\WINDOWS\System32\WindowsPowerShell\v1.0\;C:\WINDOWS\System32\OpenSSH\;C:\Program Files (x86)\CheckPoint\Endpoint Security\Endpoint Common\bin;C:\Program Files\MongoDB\Server\5.0\bin;;C:\Program Files\Docker\Docker\resources\bin;C:\ProgramData\DockerDesktop\version-bin;C:\Program Files\PuTTY\;C:\Program Files\Amazon\AWSCLIV2\;C:\Program Files\Kubernetes\Minikube;C:\Program Files\MySQL\MySQL Shell 8.0\bin\;C:\opt\openjdk-11+28_windows-x64_bin\jdk-11\bin;C:\opt\apache-maven-3.8.6\bin;C:\Users\harmane\AppData\Local\Microsoft\WindowsApps;C:\Users\harmane\AppData\Local\Programs\Git\cmd;;C:\Training\sts-4.15.2.RELEASE;;."/>
    <property name="java.vendor" value="Oracle Corporation"/>
    <property name="java.vm.info" value="mixed mode"/>
    <property name="java.vm.version" value="11+28"/>
    <property name="sun.io.unicode.encoding" value="UnicodeLittle"/>
    <property name="java.class.version" value="55.0"/>
  </properties>
  <testcase name="testFindAllforPatient" classname="com.demo.spring.controller.AppointmentRestControllerTest" time="0.493"/>
  <testcase name="testFindAllforPatientFailure" classname="com.demo.spring.controller.AppointmentRestControllerTest" time="0.116"/>
  <testcase name="testaddvisit" classname="com.demo.spring.controller.AppointmentRestControllerTest" time="0.871"/>
  <testcase name="testFindAllforDoctoreFailure" classname="com.demo.spring.controller.AppointmentRestControllerTest" time="0.042"/>
  <testcase name="testaddvisitFailure" classname="com.demo.spring.controller.AppointmentRestControllerTest" time="0.046"/>
  <testcase name="testFindAllforDoctore" classname="com.demo.spring.controller.AppointmentRestControllerTest" time="0.022"/>
</testsuite>